Arguments: 
  /Users/florestan/.nvm/versions/node/v8.14.0/bin/node /usr/local/Cellar/yarn/1.22.0/libexec/bin/yarn.js dev:hot

PATH: 
  /usr/local/opt/mysql@5.6/bin:/Users/florestan/.nvm/versions/node/v8.14.0/bin:/usr/local/bin:/usr/bin:/bin:/usr/sbin:/sbin:/usr/local/opt/mysql@5.6/bin:/Users/florestan/.nvm/versions/node/v8.14.0/bin

Yarn version: 
  1.22.0

Node version: 
  8.14.0

Platform: 
  darwin x64

Trace: 
  SyntaxError: /Users/florestan/fermios-boilerplate/packages/workspace-a/package.json: Unexpected string in JSON at position 295
      at JSON.parse (<anonymous>)
      at /usr/local/Cellar/yarn/1.22.0/libexec/lib/cli.js:1625:59
      at Generator.next (<anonymous>)
      at step (/usr/local/Cellar/yarn/1.22.0/libexec/lib/cli.js:310:30)
      at /usr/local/Cellar/yarn/1.22.0/libexec/lib/cli.js:321:13
      at <anonymous>

npm manifest: 
  {
    "name": "workspace-a",
    "version": "1.0.0",
    "license": "MIT",
    "scripts": {
      "build": "webpack --config webpack.config.prod.js",
      "dev": "webpack-dev-server --open --config webpack.config.dev.js",
      "dev:hot": "webpack-dev-server --open --hot --config webpack.config.dev.js"
      "test": "echo \"Error: no test specified\" && exit 1"
    },
    "dependencies": {
      "cross-env": "5.0.5",
      "prop-types": "^15.7.2",
      "react": "^16.13.1",
      "react-dom": "^16.13.1",
      "react-hot-loader": "^4.12.20"
    },
    "devDependencies": {
      "@babel/cli": "^7.8.4",
      "@babel/core": "^7.9.0",
      "@babel/plugin-proposal-class-properties": "^7.8.3",
      "@babel/preset-env": "^7.9.0",
      "@babel/preset-react": "^7.9.4",
      "babel-loader": "^8.1.0",
      "css-loader": "^3.4.2",
      "html-webpack-plugin": "^4.0.3",
      "style-loader": "^1.1.3",
      "webpack": "^4.42.1",
      "webpack-cli": "^3.3.11",
      "webpack-dev-server": "^3.10.3",
      "webpack-merge": "^4.2.2"
    }
  }

yarn manifest: 
  No manifest

Lockfile: 
  No lockfile
